sample.interval=20000
"readRDS" "FUN" "lapply" "find.package" "index.search" "help" "eval" "eval" "?" 
"readRDS" "index.search" "help" "eval" "eval" "?" 
"paste0" "FUN" "vapply" "urlify" "paste0" "writeLink" "writeBlock" "writeContent" "writeSection" "Rd2HTML" "<Anonymous>" "doTryCatch" "tryCatchOne" "tryCatchList" "tryCatch" "try" "withCallingHandlers" "<Anonymous>" 
"ls" "FUN" "lapply" ".rs.objectsOnSearchPath" ".rs.getCompletionsSearchPath" "Reduce" "<Anonymous>" 
"match.fun" "Reduce" ".rs.getCompletionsPackages" "Reduce" "<Anonymous>" 
"lazyLoadDBfetch" "mget" "doTryCatch" "tryCatchOne" "tryCatchList" "tryCatch" ".rs.getHelpFromObject" ".rs.getHelpFunction" "<Anonymous>" 
"asNamespace" "getExportedValue" "::" "do.call" "doTryCatch" "tryCatchOne" "tryCatchList" "tryCatch" ".rs.getHelpFromObject" ".rs.getHelpFunction" "<Anonymous>" 
".rs.getHelpFromObject" ".rs.getHelpFunction" "<Anonymous>" 
"getExportedValue" "::" "formals" "as.list" ".rs.getHelpFromObject" ".rs.getHelpFunction" "<Anonymous>" 
"writeSection" "Rd2HTML" "tools:::httpd" "withCallingHandlers" "suppressWarnings" ".rs.getHelp" ".rs.getHelpFromObject" ".rs.getHelpFunction" "<Anonymous>" 
"<Anonymous>" 
"ls" "FUN" "lapply" ".rs.objectsOnSearchPath" ".rs.getCompletionsSearchPath" "Reduce" "<Anonymous>" 
"tolower" "nchar" ".rs.startsWith" ".rs.fuzzyMatches" ".rs.getCompletionsSearchPath" "Reduce" "<Anonymous>" 
"pmatch" ".deparseOpts" "deparse" "textConnection" "capture.output" ".rs.getSignature" "sub" ".rs.getHelpFromObject" ".rs.getHelpFunction" "<Anonymous>" 
"<Anonymous>" "do.call" "doTryCatch" "tryCatchOne" "tryCatchList" "tryCatch" ".rs.getHelpFromObject" ".rs.getHelpFunction" "<Anonymous>" 
"ls" "FUN" "lapply" ".rs.objectsOnSearchPath" ".rs.getCompletionsSearchPath" "Reduce" "<Anonymous>" 
"objects" ".rs.getHelpFromObject" ".rs.getHelpFunction" "<Anonymous>" 
"identical" ".rs.getHelpFromObject" ".rs.getHelpFunction" "<Anonymous>" 
".Call" "doTryCatch" "tryCatchOne" "tryCatchList" "tryCatch" "<Anonymous>" 
".Call" "doTryCatch" "tryCatchOne" "tryCatchList" "tryCatch" "<Anonymous>" 
".Call" "doTryCatch" "tryCatchOne" "tryCatchList" "tryCatch" "<Anonymous>" 
".Call" "doTryCatch" "tryCatchOne" "tryCatchList" "tryCatch" "<Anonymous>" 
".Call" "doTryCatch" "tryCatchOne" "tryCatchList" "tryCatch" "<Anonymous>" 
".Call" "doTryCatch" "tryCatchOne" "tryCatchList" "tryCatch" "<Anonymous>" 
".Call" "doTryCatch" "tryCatchOne" "tryCatchList" "tryCatch" "<Anonymous>" 
".Call" "doTryCatch" "tryCatchOne" "tryCatchList" "tryCatch" "<Anonymous>" 
".Call" "doTryCatch" "tryCatchOne" "tryCatchList" "tryCatch" "<Anonymous>" 
".Call" "doTryCatch" "tryCatchOne" "tryCatchList" "tryCatch" "<Anonymous>" 
".Call" "doTryCatch" "tryCatchOne" "tryCatchList" "tryCatch" "<Anonymous>" 
".Call" "doTryCatch" "tryCatchOne" "tryCatchList" "tryCatch" "<Anonymous>" 
".Call" "doTryCatch" "tryCatchOne" "tryCatchList" "tryCatch" "<Anonymous>" 
".Call" "doTryCatch" "tryCatchOne" "tryCatchList" "tryCatch" "<Anonymous>" 
".Call" "doTryCatch" "tryCatchOne" "tryCatchList" "tryCatch" "<Anonymous>" 
".External2" "grDevices::recordPlot" "<Anonymous>" 
"save" "<Anonymous>" 
"save" "<Anonymous>" 
"save" "<Anonymous>" 
"save" "<Anonymous>" 
"save" "<Anonymous>" 
"save" "<Anonymous>" 
"save" "<Anonymous>" 
"save" "<Anonymous>" 
"save" "<Anonymous>" 
"save" "<Anonymous>" 
"save" "<Anonymous>" 
"save" "<Anonymous>" 
"save" "<Anonymous>" 
"save" "<Anonymous>" 
"save" "<Anonymous>" 
"save" "<Anonymous>" 
"save" "<Anonymous>" 
"save" "<Anonymous>" 
"save" "<Anonymous>" 
"save" "<Anonymous>" 
"save" "<Anonymous>" 
"save" "<Anonymous>" 
"save" "<Anonymous>" 
"save" "<Anonymous>" 
"save" "<Anonymous>" 
"save" "<Anonymous>" 
"save" "<Anonymous>" 
"save" "<Anonymous>" 
"save" "<Anonymous>" 
".Call" "doTryCatch" "tryCatchOne" "tryCatchList" "tryCatch" "<Anonymous>" 
".Call" "doTryCatch" "tryCatchOne" "tryCatchList" "tryCatch" "<Anonymous>" 
".Call" "doTryCatch" "tryCatchOne" "tryCatchList" "tryCatch" "<Anonymous>" 
".Call" "doTryCatch" "tryCatchOne" "tryCatchList" "tryCatch" "<Anonymous>" 
".Call" "doTryCatch" "tryCatchOne" "tryCatchList" "tryCatch" "<Anonymous>" 
".Call" "doTryCatch" "tryCatchOne" "tryCatchList" "tryCatch" "<Anonymous>" 
".Call" "doTryCatch" "tryCatchOne" "tryCatchList" "tryCatch" "<Anonymous>" 
".Call" "doTryCatch" "tryCatchOne" "tryCatchList" "tryCatch" "<Anonymous>" 
".Call" "doTryCatch" "tryCatchOne" "tryCatchList" "tryCatch" "<Anonymous>" 
".Call" "doTryCatch" "tryCatchOne" "tryCatchList" "tryCatch" "<Anonymous>" 
".Call" "doTryCatch" "tryCatchOne" "tryCatchList" "tryCatch" "<Anonymous>" 
".Call" "doTryCatch" "tryCatchOne" "tryCatchList" "tryCatch" "<Anonymous>" 
".Call" "doTryCatch" "tryCatchOne" "tryCatchList" "tryCatch" "<Anonymous>" 
".Call" "doTryCatch" "tryCatchOne" "tryCatchList" "tryCatch" "<Anonymous>" 
".Call" "doTryCatch" "tryCatchOne" "tryCatchList" "tryCatch" "<Anonymous>" 
".Call" "doTryCatch" "tryCatchOne" "tryCatchList" "tryCatch" "<Anonymous>" 
".Call" "doTryCatch" "tryCatchOne" "tryCatchList" "tryCatch" "<Anonymous>" 
".Call" "doTryCatch" "tryCatchOne" "tryCatchList" "tryCatch" "<Anonymous>" 
".Call" "doTryCatch" "tryCatchOne" "tryCatchList" "tryCatch" "<Anonymous>" 
".Call" "doTryCatch" "tryCatchOne" "tryCatchList" "tryCatch" "<Anonymous>" 
".Call" "doTryCatch" "tryCatchOne" "tryCatchList" "tryCatch" "<Anonymous>" 
".Call" "doTryCatch" "tryCatchOne" "tryCatchList" "tryCatch" "<Anonymous>" 
".Call" "doTryCatch" "tryCatchOne" "tryCatchList" "tryCatch" "<Anonymous>" 
".Call" "doTryCatch" "tryCatchOne" "tryCatchList" "tryCatch" "<Anonymous>" 
"eval" "match.arg" "grDevices:::png" "doTryCatch" "tryCatchOne" "tryCatchList" "tryCatch" "base::try" 
".Call" "doTryCatch" "tryCatchOne" "tryCatchList" "tryCatch" "<Anonymous>" 
".Call" "doTryCatch" "tryCatchOne" "tryCatchList" "tryCatch" "<Anonymous>" 
".Call" "doTryCatch" "tryCatchOne" "tryCatchList" "tryCatch" "<Anonymous>" 
".Call" "doTryCatch" "tryCatchOne" "tryCatchList" "tryCatch" "<Anonymous>" 
".Call" "doTryCatch" "tryCatchOne" "tryCatchList" "tryCatch" "<Anonymous>" 
".Call" "doTryCatch" "tryCatchOne" "tryCatchList" "tryCatch" "<Anonymous>" 
".Call" "doTryCatch" "tryCatchOne" "tryCatchList" "tryCatch" "<Anonymous>" 
".Call" "doTryCatch" "tryCatchOne" "tryCatchList" "tryCatch" "<Anonymous>" 
".Call" "doTryCatch" "tryCatchOne" "tryCatchList" "tryCatch" "<Anonymous>" 
".Call" "doTryCatch" "tryCatchOne" "tryCatchList" "tryCatch" "<Anonymous>" 
".Call" "doTryCatch" "tryCatchOne" "tryCatchList" "tryCatch" "<Anonymous>" 
".Call" "doTryCatch" "tryCatchOne" "tryCatchList" "tryCatch" "<Anonymous>" 
".Call" "doTryCatch" "tryCatchOne" "tryCatchList" "tryCatch" "<Anonymous>" 
".Call" "doTryCatch" "tryCatchOne" "tryCatchList" "tryCatch" "<Anonymous>" 
".Call" "doTryCatch" "tryCatchOne" "tryCatchList" "tryCatch" "<Anonymous>" 
".Call" "doTryCatch" "tryCatchOne" "tryCatchList" "tryCatch" "<Anonymous>" 
".Call" "doTryCatch" "tryCatchOne" "tryCatchList" "tryCatch" "<Anonymous>" 
".Call" "doTryCatch" "tryCatchOne" "tryCatchList" "tryCatch" "<Anonymous>" 
".External2" "grDevices::recordPlot" "<Anonymous>" 
"save" "<Anonymous>" 
"save" "<Anonymous>" 
"save" "<Anonymous>" 
"save" "<Anonymous>" 
"save" "<Anonymous>" 
"save" "<Anonymous>" 
"save" "<Anonymous>" 
"save" "<Anonymous>" 
"save" "<Anonymous>" 
"save" "<Anonymous>" 
"save" "<Anonymous>" 
"save" "<Anonymous>" 
"save" "<Anonymous>" 
"save" "<Anonymous>" 
"save" "<Anonymous>" 
"save" "<Anonymous>" 
"save" "<Anonymous>" 
"save" "<Anonymous>" 
"save" "<Anonymous>" 
"save" "<Anonymous>" 
"save" "<Anonymous>" 
"save" "<Anonymous>" 
"save" "<Anonymous>" 
"save" "<Anonymous>" 
"save" "<Anonymous>" 
"save" "<Anonymous>" 
"save" "<Anonymous>" 
"save" "<Anonymous>" 
"save" "<Anonymous>" 
"save" "<Anonymous>" 
"save" "<Anonymous>" 
".Call" "doTryCatch" "tryCatchOne" "tryCatchList" "tryCatch" "<Anonymous>" 
".Call" "doTryCatch" "tryCatchOne" "tryCatchList" "tryCatch" "<Anonymous>" 
".Call" "doTryCatch" "tryCatchOne" "tryCatchList" "tryCatch" "<Anonymous>" 
".Call" "doTryCatch" "tryCatchOne" "tryCatchList" "tryCatch" "<Anonymous>" 
".Call" "doTryCatch" "tryCatchOne" "tryCatchList" "tryCatch" "<Anonymous>" 
".Call" "doTryCatch" "tryCatchOne" "tryCatchList" "tryCatch" "<Anonymous>" 
".Call" "doTryCatch" "tryCatchOne" "tryCatchList" "tryCatch" "<Anonymous>" 
".Call" "doTryCatch" "tryCatchOne" "tryCatchList" "tryCatch" "<Anonymous>" 
".Call" "doTryCatch" "tryCatchOne" "tryCatchList" "tryCatch" "<Anonymous>" 
".Call" "doTryCatch" "tryCatchOne" "tryCatchList" "tryCatch" "<Anonymous>" 
".Call" "doTryCatch" "tryCatchOne" "tryCatchList" "tryCatch" "<Anonymous>" 
".Call" "doTryCatch" "tryCatchOne" "tryCatchList" "tryCatch" "<Anonymous>" 
".Call" "doTryCatch" "tryCatchOne" "tryCatchList" "tryCatch" "<Anonymous>" 
".Call" "doTryCatch" "tryCatchOne" "tryCatchList" "tryCatch" "<Anonymous>" 
".Call" "doTryCatch" "tryCatchOne" "tryCatchList" "tryCatch" "<Anonymous>" 
".Call" "doTryCatch" "tryCatchOne" "tryCatchList" "tryCatch" "<Anonymous>" 
".Call" "doTryCatch" "tryCatchOne" "tryCatchList" "tryCatch" "<Anonymous>" 
".Call" "doTryCatch" "tryCatchOne" "tryCatchList" "tryCatch" "<Anonymous>" 
".Call" "doTryCatch" "tryCatchOne" "tryCatchList" "tryCatch" "<Anonymous>" 
".Call" "doTryCatch" "tryCatchOne" "tryCatchList" "tryCatch" "<Anonymous>" 
".Call" "doTryCatch" "tryCatchOne" "tryCatchList" "tryCatch" "<Anonymous>" 
".Call" "doTryCatch" "tryCatchOne" "tryCatchList" "tryCatch" "<Anonymous>" 
".Call" "doTryCatch" "tryCatchOne" "tryCatchList" "tryCatch" "<Anonymous>" 
".Call" "doTryCatch" "tryCatchOne" "tryCatchList" "tryCatch" "<Anonymous>" 
".Call" "doTryCatch" "tryCatchOne" "tryCatchList" "tryCatch" "<Anonymous>" 
".Call" "doTryCatch" "tryCatchOne" "tryCatchList" "tryCatch" "<Anonymous>" 
".Call" "doTryCatch" "tryCatchOne" "tryCatchList" "tryCatch" "<Anonymous>" 
".Call" "doTryCatch" "tryCatchOne" "tryCatchList" "tryCatch" "<Anonymous>" 
